<?xml version="1.0" encoding="UTF-8"?>
<testsuite xmlns:xsi="http://www.w3.org/2001/XMLSchema-instance" xsi:noNamespaceSchemaLocation="https://maven.apache.org/surefire/maven-surefire-plugin/xsd/surefire-test-report-3.0.xsd" version="3.0" name="com.bank.BankAccountManagerTest" time="0.579" tests="6" errors="0" skipped="0" failures="0">
  <properties>
[...]
</properties>
  <testcase name="testCreateAccount" classname="com.bank.BankAccountManagerTest" time="0.32">
    <system-out><![CDATA[20:35:13.781 [main] INFO com.bank.BankAccount - Account created for John Doe with initial balance 1000.0
20:35:13.796 [main] INFO com.bank.BankAccountManager - Account created for John Doe with account number 12345
]]></system-out>
  </testcase>
  <testcase name="testWithdrawInsufficientFunds" classname="com.bank.BankAccountManagerTest" time="0.032">
    <system-out><![CDATA[20:35:13.883 [main] INFO com.bank.BankAccount - Account created for John Doe with initial balance 1000.0
20:35:13.885 [main] INFO com.bank.BankAccountManager - Account created for John Doe with account number 12345
]]></system-out>
  </testcase>
  <testcase name="testDepositAccountNotFound" classname="com.bank.BankAccountManagerTest" time="0.018">
    <system-out><![CDATA[20:35:13.910 [main] INFO com.bank.BankAccount - Account created for John Doe with initial balance 1000.0
20:35:13.913 [main] INFO com.bank.BankAccountManager - Account created for John Doe with account number 12345
]]></system-out>
  </testcase>
  <testcase name="testWithdraw" classname="com.bank.BankAccountManagerTest" time="0.016">
    <system-out><![CDATA[20:35:13.942 [main] INFO com.bank.BankAccount - Account created for John Doe with initial balance 1000.0
20:35:13.942 [main] INFO com.bank.BankAccountManager - Account created for John Doe with account number 12345
20:35:13.944 [main] INFO com.bank.BankAccount - Withdrew 200.0 from account 12345
]]></system-out>
  </testcase>
  <testcase name="testWithdrawAccountNotFound" classname="com.bank.BankAccountManagerTest" time="0.016">
    <system-out><![CDATA[20:35:14.012 [main] INFO com.bank.BankAccount - Account created for John Doe with initial balance 1000.0
20:35:14.014 [main] INFO com.bank.BankAccountManager - Account created for John Doe with account number 12345
]]></system-out>
  </testcase>
  <testcase name="testDeposit" classname="com.bank.BankAccountManagerTest" time="0.008">
    <system-out><![CDATA[20:35:14.030 [main] INFO com.bank.BankAccount - Account created for John Doe with initial balance 1000.0
20:35:14.031 [main] INFO com.bank.BankAccountManager - Account created for John Doe with account number 12345
20:35:14.033 [main] INFO com.bank.BankAccount - Deposited 500.0 to account 12345
]]></system-out>
  </testcase>
</testsuite>